Warp 1.10.0.dev20250826 initialized:
   Git commit: 1699d1c19174fb01f39eb5f9d2f1b1c6597861b6
   CUDA Toolkit 12.8, Driver 12.8
   Devices:
     "cpu"      : "Intel64 Family 6 Model 151 Stepping 2, GenuineIntel"
     "cuda:0"   : "NVIDIA GeForce RTX 4090" (24 GiB, sm_89, mempool enabled)
   Kernel cache:
     \\?\C:\Users\eric-\AppData\Local\NVIDIA\warp\Cache\1.10.0.dev20250826
Module newton._src.geometry.inertia 829810a load on device 'cuda:0' took 1.94 ms  (cached)
replicate took 4601.89 ms
    Module validate_and_correct_inertia_kernel_979e5d19 979e5d1 load on device 'cuda:0' took 1.28 ms  (cached)
    Module count_contact_points_d76f5989 d76f598 load on device 'cuda:0' took 4.75 ms  (cached)
finalize took 4869.05 ms
    Module newton._src.sim.graph_coloring deff617 load on device 'cpu' took 1.20 ms  (cached)
    Module newton._src.solvers.mujoco.solver_mujoco 7954ea6 load on device 'cuda:0' took 3.83 ms  (cached)
    Module repeat_array_kernel_441c945a 2876255 load on device 'cuda:0' took 4.10 ms  (cached)
    Module repeat_array_kernel_441c945a 198d2e8 load on device 'cuda:0' took 3.41 ms  (cached)
    Module repeat_array_kernel_441c945a 8a78921 load on device 'cuda:0' took 1.24 ms  (cached)
    Module repeat_array_kernel_441c945a ffb1fdb load on device 'cuda:0' took 3.21 ms  (cached)
    Module repeat_array_kernel_441c945a b333967 load on device 'cuda:0' took 1.41 ms  (cached)
         10190534 function calls (10134099 primitive calls) in 4.521 seconds

   Ordered by: internal time

   ncalls  tottime  percall  cumtime  percall filename:lineno(function)
      451    0.798    0.002    0.799    0.002 context.py:7266(copy)
     2122    0.632    0.000    1.377    0.001 inspect.py:988(getmodule)
      516    0.409    0.001    0.409    0.001 {built-in method numpy.asarray}
  1515384    0.244    0.000    0.244    0.000 {built-in method builtins.hasattr}
       70    0.209    0.003    0.209    0.003 {method 'repeat' of 'numpy.ndarray' objects}
  1503250    0.167    0.000    0.249    0.000 inspect.py:298(ismodule)
  1414894    0.160    0.000    0.160    0.000 {method 'get' of 'dict' objects}
2210232/2209286    0.135    0.000    0.140    0.000 {built-in method builtins.isinstance}
   273141    0.129    0.000    0.235    0.000 tokenize.py:563(_generate_tokens_from_c_tokenizer)
      728    0.116    0.000    0.392    0.001 inspect.py:1239(getblock)
      370    0.095    0.000    0.095    0.000 {built-in method builtins.compile}
   283692    0.092    0.000    0.182    0.000 ast.py:269(iter_child_nodes)
        1    0.082    0.082    1.624    1.624 io.py:1112(put_data)
   142452    0.058    0.000    0.296    0.000 ast.py:369(walk)
   272781    0.056    0.000    0.107    0.000 __init__.py:447(_make)
   406775    0.056    0.000    0.077    0.000 ast.py:257(iter_fields)
     1628    0.052    0.000    0.052    0.000 {built-in method nt._getfinalpathname}
3537/3120    0.051    0.000    1.255    0.000 types.py:2268(__init__)
     1207    0.047    0.000    0.047    0.000 {built-in method nt.stat}
       18    0.046    0.003    0.046    0.003 arraypad.py:129(_set_pad_area)
   142048    0.042    0.000    0.224    0.000 {method 'extend' of 'collections.deque' objects}
   272398    0.041    0.000    0.041    0.000 inspect.py:1196(tokeneater)
278731/278590    0.036    0.000    0.038    0.000 {built-in method __new__ of type object at 0x00007FFCB7856A50}
       71    0.034    0.000    0.857    0.012 io.py:1261(tile)
   308209    0.033    0.000    0.033    0.000 {built-in method builtins.getattr}
      364    0.031    0.000    0.343    0.001 context.py:2180(find_references)
     1593    0.030    0.000    0.030    0.000 {built-in method nt._path_exists}
 23726/25    0.026    0.000    0.072    0.003 ast.py:477(generic_visit)
     7208    0.024    0.000    0.036    0.000 inspect.py:3133(_bind)
      334    0.022    0.000    0.022    0.000 context.py:2737(alloc)
      370    0.020    0.000    0.115    0.000 ast.py:34(parse)
298377/298331    0.019    0.000    0.019    0.000 {built-in method builtins.len}
      8/6    0.019    0.002    0.021    0.003 {built-in method _imp.exec_dynamic}
       75    0.018    0.000    0.018    0.000 {built-in method _io.open_code}
        6    0.015    0.003    0.015    0.003 build.py:95(load_cuda)
   142048    0.015    0.000    0.015    0.000 {method 'popleft' of 'collections.deque' objects}
    110/2    0.014    0.000    2.665    1.333 {built-in method builtins.exec}
     6951    0.014    0.000    0.042    0.000 context.py:532(call_builtin)
     1228    0.013    0.000    0.013    0.000 {method 'copy' of 'dict' objects}
     7058    0.011    0.000    0.035    0.000 codegen.py:3326(resolve_static_expression)
 23780/25    0.011    0.000    0.072    0.003 ast.py:403(visit)
    43434    0.010    0.000    0.010    0.000 {built-in method builtins.next}
      597    0.009    0.000    0.027    0.000 inspect.py:2397(_signature_from_function)
       10    0.009    0.001    0.144    0.014 io.py:1264(padtile)
3065/3062    0.009    0.000    0.917    0.000 inspect.py:951(getsourcefile)
     7058    0.008    0.000    0.020    0.000 codegen.py:3031(resolve_path)
      169    0.008    0.000    0.091    0.001 context.py:297(__call__)
       75    0.007    0.000    0.007    0.000 {built-in method marshal.loads}
  610/574    0.007    0.000    0.016    0.000 {built-in method builtins.__build_class__}
      369    0.007    0.000    0.702    0.002 codegen.py:892(__init__)
     1296    0.007    0.000    1.026    0.001 inspect.py:1070(findsource)
      728    0.007    0.000    0.450    0.001 inspect.py:1258(getsourcelines)
     6210    0.007    0.000    0.012    0.000 inspect.py:2743(__init__)
       40    0.007    0.000    0.038    0.001 codegen.py:3398(get_references)
     4533    0.007    0.000    0.013    0.000 types.py:2082(types_equal)
      369    0.006    0.000    0.006    0.000 {method 'findall' of 're.Pattern' objects}
      568    0.006    0.000    1.445    0.003 inspect.py:1688(getframeinfo)
     8367    0.006    0.000    0.010    0.000 codegen.py:3375(resolve_external_reference)
     3955    0.006    0.000    0.012    0.000 inspect.py:911(getfile)
        8    0.006    0.001    0.006    0.001 {built-in method _imp.create_dynamic}
      244    0.005    0.000    0.614    0.003 context.py:121(__init__)
      369    0.005    0.000    0.030    0.000 inspect.py:1358(getfullargspec)
     6528    0.005    0.000    0.013    0.000 {built-in method builtins.any}
    33147    0.005    0.000    0.005    0.000 {method 'append' of 'list' objects}
      741    0.005    0.000    0.005    0.000 {method 'sub' of 're.Pattern' objects}
    24592    0.005    0.000    0.005    0.000 {method 'startswith' of 'str' objects}
      417    0.004    0.000    1.190    0.003 types.py:2382(_init_from_data)
4888/2444    0.004    0.000    0.004    0.000 typing.py:3312(__getattribute__)
        5    0.004    0.001    0.004    0.001 {built-in method _ctypes.LoadLibrary}
      844    0.004    0.000    0.006    0.000 inspect.py:3029(__init__)
  599/598    0.004    0.000    0.032    0.000 inspect.py:2501(_signature_from_callable)
    15448    0.004    0.000    0.004    0.000 {method 'endswith' of 'str' objects}
        1    0.003    0.003    0.015    0.015 io.py:48(put_model)
3659/1966    0.003    0.000    0.005    0.000 types.py:5730(get_type_code)
       39    0.003    0.000    0.003    0.000 context.py:2679(free)
       75    0.003    0.000    0.003    0.000 {method 'read' of '_io.BufferedReader' objects}
     3682    0.003    0.000    0.008    0.000 <frozen ntpath>:51(normcase)
       29    0.003    0.000    0.068    0.002 context.py:6072(launch)
     3682    0.003    0.000    0.003    0.000 {built-in method _winapi.LCMapStringEx}
    21480    0.003    0.000    0.003    0.000 {built-in method builtins.setattr}
       22    0.003    0.000    0.003    0.000 {method 'readlines' of '_io._IOBase' objects}
     2059    0.003    0.000    0.003    0.000 {built-in method nt._getfullpathname}
      324    0.003    0.000    0.003    0.000 types.py:276(vec_t)
      568    0.002    0.000    0.004    0.000 <frozen importlib._bootstrap_external>:96(_path_join)
  832/734    0.002    0.000    0.003    0.000 types.py:306(__init__)
    38027    0.002    0.000    0.002    0.000 inspect.py:2796(name)
      814    0.002    0.000    0.060    0.000 <frozen ntpath>:705(realpath)
    22378    0.002    0.000    0.002    0.000 {built-in method builtins.iter}
     9195    0.002    0.000    0.004    0.000 inspect.py:958(<genexpr>)
     7207    0.002    0.000    0.038    0.000 inspect.py:3272(bind)
     8368    0.002    0.000    0.002    0.000 {method 'index' of 'tuple' objects}
      369    0.002    0.000    0.014    0.000 textwrap.py:419(dedent)
3541/1626    0.002    0.000    0.005    0.000 types.py:5574(type_is_generic)
     6214    0.002    0.000    0.003    0.000 enum.py:720(__call__)
     3537    0.002    0.000    0.003    0.000 types.py:2263(__new__)
    34215    0.002    0.000    0.002    0.000 inspect.py:2808(kind)
     2054    0.002    0.000    0.028    0.000 inspect.py:976(getabsfile)
      609    0.002    0.000    0.003    0.000 inspect.py:176(get_annotations)
     9139    0.002    0.000    0.003    0.000 inspect.py:961(<genexpr>)
      912    0.002    0.000    0.002    0.000 {method 'match' of 're.Pattern' objects}
       18    0.002    0.000    1.448    0.080 inspect.py:1749(getouterframes)
      566    0.002    0.000    0.025    0.000 types.py:2709(_init_new)
     9491    0.002    0.000    0.002    0.000 {method 'items' of 'dict' objects}
     2868    0.002    0.000    0.002    0.000 {built-in method nt._path_normpath}
      228    0.002    0.000    0.619    0.003 context.py:854(wrapper)
     8535    0.002    0.000    0.002    0.000 {built-in method builtins.issubclass}
       29    0.002    0.000    0.002    0.000 {built-in method _io.open}
     9095    0.001    0.000    0.003    0.000 types.py:2021(is_array)
       71    0.001    0.000    0.002    0.000 {built-in method builtins.eval}
     1906    0.001    0.000    0.004    0.000 types.py:328(__getitem__)
     7577    0.001    0.000    0.001    0.000 {method 'values' of 'mappingproxy' objects}
     5112    0.001    0.000    0.001    0.000 {method 'replace' of 'str' objects}
      892    0.001    0.000    0.038    0.000 linecache.py:52(checkcache)
       29    0.001    0.000    0.002    0.000 context.py:1920(get_kernel_hooks)
     7934    0.001    0.000    0.001    0.000 {method 'values' of 'dict' objects}
      369    0.001    0.000    0.001    0.000 {method 'splitlines' of 'str' objects}
     7056    0.001    0.000    0.001    0.000 {method 'insert' of 'list' objects}
     1151    0.001    0.000    0.166    0.000 types.py:3546(array2d)
      468    0.001    0.000    0.003    0.000 functools.py:35(update_wrapper)
     5216    0.001    0.000    0.002    0.000 inspect.py:3076(<genexpr>)
     4619    0.001    0.000    0.001    0.000 types.py:2030(scalars_equal)
      958    0.001    0.000    0.002    0.000 inspect.py:754(unwrap)
     1245    0.001    0.000    0.005    0.000 ast.py:419(visit_Constant)
       29    0.001    0.000    0.060    0.002 context.py:2527(load)
      136    0.001    0.000    0.464    0.003 context.py:729(__init__)
     1272    0.001    0.000    0.002    0.000 __init__.py:280(_compile)
      369    0.001    0.000    0.034    0.000 codegen.py:200(get_full_arg_spec)
     6218    0.001    0.000    0.001    0.000 {method 'isidentifier' of 'str' objects}
      104    0.001    0.000    0.001    0.000 {method '__exit__' of '_io._IOBase' objects}
      568    0.001    0.000    0.007    0.000 inspect.py:1681(_get_code_position)
      568    0.001    0.000    0.001    0.000 inspect.py:1666(__new__)
     2480    0.001    0.000    0.002    0.000 typing.py:2344(get_origin)
     6218    0.001    0.000    0.001    0.000 {method '__contains__' of 'frozenset' objects}
  877/827    0.001    0.000    0.033    0.000 codegen.py:3287(visit_Call)
     2054    0.001    0.000    0.005    0.000 <frozen ntpath>:581(abspath)
       81    0.001    0.000    0.210    0.003 shape_base.py:1185(tile)
      183    0.001    0.000    0.011    0.000 types.py:1131(__init__)
      570    0.001    0.000    0.002    0.000 dataclasses.py:760(_get_field)
     1481    0.001    0.000    0.001    0.000 {method 'join' of 'str' objects}
     6214    0.001    0.000    0.001    0.000 enum.py:1123(__new__)
       12    0.001    0.000    0.021    0.002 dataclasses.py:921(_process_class)
      253    0.001    0.000    0.006    0.000 context.py:403(add_overload)
     3176    0.001    0.000    0.001    0.000 codegen.py:641(__init__)
      250    0.001    0.000    0.005    0.000 types.py:5805(get_signature)
     1296    0.001    0.000    0.008    0.000 linecache.py:36(getlines)
     5247    0.001    0.000    0.001    0.000 inspect.py:475(istraceback)
     5150    0.001    0.000    0.001    0.000 inspect.py:378(isfunction)
      141    0.001    0.000    0.002    0.000 enum.py:254(__set_name__)
      118    0.001    0.000    0.013    0.000 <frozen importlib._bootstrap_external>:1597(find_spec)
      457    0.001    0.000    0.001    0.000 types.py:2661(_init_from_ptr)
      324    0.001    0.000    0.007    0.000 types.py:267(vector)
     5247    0.001    0.000    0.001    0.000 inspect.py:485(isframe)
     2231    0.001    0.000    0.001    0.000 types.py:2000(type_is_value)
      814    0.001    0.000    0.001    0.000 <frozen ntpath>:87(isabs)
     3956    0.001    0.000    0.001    0.000 inspect.py:302(isclass)
       45    0.001    0.000    0.006    0.000 solver_mujoco.py:2005(add_geoms)
      136    0.001    0.000    0.001    0.000 {built-in method numpy.array}
     3954    0.001    0.000    0.001    0.000 inspect.py:306(ismethod)
       75    0.001    0.000    0.035    0.000 <frozen importlib._bootstrap_external>:1066(get_code)
     3687    0.001    0.000    0.001    0.000 codegen.py:133(<genexpr>)
     2514    0.001    0.000    0.001    0.000 types.py:2776(_init_annotation)
     2595    0.001    0.000    0.001    0.000 types.py:1822(type_size_in_bytes)
     3951    0.001    0.000    0.001    0.000 inspect.py:499(iscode)
     7115    0.001    0.000    0.001    0.000 inspect.py:2888(__init__)
     8022    0.001    0.000    0.001    0.000 inspect.py:3089(parameters)
     83/2    0.001    0.000    2.667    1.334 <frozen importlib._bootstrap>:1349(_find_and_load)
     4126    0.001    0.000    0.001    0.000 types.py:4014(is_tile)
    40/35    0.001    0.000    0.040    0.001 context.py:1692(hash_adjoint)
       45    0.001    0.000    0.001    0.000 context.py:3151(<lambda>)
     7127    0.001    0.000    0.001    0.000 context.py:7866(init)
        9    0.001    0.000    0.001    0.000 {built-in method nt.listdir}
      377    0.001    0.000    0.003    0.000 codegen.py:127(eval_annotations)
      228    0.001    0.000    0.197    0.001 context.py:2097(register_function)
       83    0.001    0.000    0.015    0.000 <frozen importlib._bootstrap>:1240(_find_spec)
       35    0.001    0.000    0.016    0.000 dataclasses.py:449(_create_fn)
     1023    0.001    0.000    0.001    0.000 types.py:2177(check_array_shape)
      147    0.001    0.000    0.002    0.000 <frozen importlib._bootstrap>:304(acquire)
      568    0.001    0.000    0.001    0.000 inspect.py:1738(__new__)
       44    0.001    0.000    0.001    0.000 {method 'readline' of '_io.BufferedReader' objects}
      136    0.001    0.000    0.466    0.003 context.py:1111(wrapper)
     4880    0.001    0.000    0.001    0.000 {built-in method nt.fspath}
     1984    0.001    0.000    0.001    0.000 context.py:4504(get_device)
        6    0.001    0.000    0.001    0.000 {method 'flatten' of 'numpy.ndarray' objects}
      364    0.001    0.000    0.451    0.001 codegen.py:1025(extract_function_source)
     1967    0.001    0.000    0.001    0.000 types.py:2017(is_value)
      369    0.001    0.000    0.001    0.000 __init__.py:457(_replace)
     7081    0.001    0.000    0.001    0.000 context.py:1335(value_func)
      426    0.001    0.000    0.007    0.000 linecache.py:83(updatecache)
      372    0.001    0.000    0.002    0.000 codegen.py:3744(make_full_qualified_name)
      241    0.000    0.000    0.001    0.000 enum.py:390(__setitem__)
       87    0.000    0.000    0.737    0.008 io.py:1246(arr)
      408    0.000    0.000    0.001    0.000 context.py:1538(get_module)
    208/4    0.000    0.000    2.665    0.666 <frozen importlib._bootstrap>:480(_call_with_frames_removed)
      178    0.000    0.000    0.001    0.000 types.py:340(__setitem__)
       66    0.000    0.000    0.000    0.000 context.py:3243(set_stream)
       72    0.000    0.000    0.000    0.000 {method 'reduce' of 'numpy.ufunc' objects}
        1    0.000    0.000    0.426    0.426 sensor.py:1(<module>)
        1    0.000    0.000    0.240    0.240 smooth.py:1(<module>)
     6838    0.000    0.000    0.000    0.000 inspect.py:2800(default)
   498/80    0.000    0.000    2.541    0.032 <frozen importlib._bootstrap>:1390(_handle_fromlist)
      150    0.000    0.000    0.002    0.000 <frozen importlib._bootstrap_external>:486(cache_from_source)
       54    0.000    0.000    0.002    0.000 codegen.py:3203(evaluate_static_expression)
       23    0.000    0.000    0.003    0.000 enum.py:528(__new__)
       12    0.000    0.000    0.008    0.001 dataclasses.py:568(_init_fn)
      709    0.000    0.000    0.000    0.000 {method 'update' of 'dict' objects}
     1361    0.000    0.000    0.000    0.000 types.py:2349(<genexpr>)
       75    0.000    0.000    0.008    0.000 <frozen importlib._bootstrap_external>:755(_compile_bytecode)
     6210    0.000    0.000    0.000    0.000 inspect.py:2804(annotation)
        7    0.000    0.000    0.000    0.000 {method 'read' of '_io.TextIOWrapper' objects}
      364    0.000    0.000    0.221    0.001 inspect.py:1279(getsource)
     83/2    0.000    0.000    2.667    1.334 <frozen importlib._bootstrap>:1304(_find_and_load_unlocked)
     3595    0.000    0.000    0.000    0.000 types.py:3123(mark_init)
       39    0.000    0.000    0.000    0.000 context.py:2673(alloc)
      894    0.000    0.000    0.002    0.000 __init__.py:226(compile)
        3    0.000    0.000    0.000    0.000 numeric.py:274(full)
      395    0.000    0.000    0.000    0.000 context.py:2648(mark_modified)
      130    0.000    0.000    0.015    0.000 context.py:5548(empty)
       10    0.000    0.000    2.722    0.272 __init__.py:1(<module>)
      147    0.000    0.000    0.001    0.000 <frozen importlib._bootstrap>:124(setdefault)
      147    0.000    0.000    0.001    0.000 <frozen importlib._bootstrap>:426(_get_module_lock)
       89    0.000    0.000    0.000    0.000 inspect.py:2949(apply_defaults)
      147    0.000    0.000    0.000    0.000 <frozen importlib._bootstrap>:372(release)
     1543    0.000    0.000    0.000    0.000 {method 'add' of 'set' objects}
      728    0.000    0.000    0.000    0.000 tokenize.py:482(generate_tokens)
      417    0.000    0.000    0.000    0.000 _internal.py:250(__init__)
      814    0.000    0.000    0.000    0.000 {built-in method nt.getcwd}
      124    0.000    0.000    1.055    0.009 types.py:3552(array3d)
      176    0.000    0.000    0.000    0.000 {method 'reshape' of 'numpy.ndarray' objects}
     83/2    0.000    0.000    2.666    1.333 <frozen importlib._bootstrap>:911(_load_unlocked)
        1    0.000    0.000    0.418    0.418 collision_primitive.py:1(<module>)
      136    0.000    0.000    0.148    0.001 context.py:2081(register_kernel)
       22    0.000    0.000    0.002    0.000 tokenize.py:439(open)
      372    0.000    0.000    0.001    0.000 __init__.py:179(sub)
     1857    0.000    0.000    0.000    0.000 {method 'rstrip' of 'str' objects}
      228    0.000    0.000    0.000    0.000 context.py:90(generate_unique_function_identifier)
      139    0.000    0.000    0.001    0.000 context.py:5692(pack_arg)
       75    0.000    0.000    0.023    0.000 <frozen importlib._bootstrap_external>:1187(get_data)
        8    0.000    0.000    0.002    0.000 codegen.py:423(__init__)
        4    0.000    0.000    0.000    0.000 context.py:1910(__del__)
       83    0.000    0.000    0.002    0.000 <frozen importlib._bootstrap>:733(_init_module_attrs)
        1    0.000    0.000    0.141    0.141 constraint.py:1(<module>)
        1    0.000    0.000    0.135    0.135 solver.py:1(<module>)
      793    0.000    0.000    0.000    0.000 context.py:2181(add_ref)
      512    0.000    0.000    0.000    0.000 context.py:3307(__eq__)
      315    0.000    0.000    0.000    0.000 typing.py:1215(__setattr__)
       13    0.000    0.000    0.000    0.000 arraysetops.py:524(in1d)
       84    0.000    0.000    0.001    0.000 <frozen importlib._bootstrap_external>:806(spec_from_file_location)
      568    0.000    0.000    0.000    0.000 {method 'co_positions' of 'code' objects}
        1    0.000    0.000    0.041    0.041 solver_mujoco.py:1495(update_mjc_data)
      877    0.000    0.000    0.000    0.000 codegen.py:3074(is_static_expression)
      760    0.000    0.000    0.000    0.000 {method 'rpartition' of 'str' objects}
     75/2    0.000    0.000    2.666    1.333 <frozen importlib._bootstrap_external>:993(exec_module)
      228    0.000    0.000    0.619    0.003 context.py:853(func)
       56    0.000    0.000    0.000    0.000 types.py:5653(infer_argument_types)
      327    0.000    0.000    0.000    0.000 {built-in method builtins.max}
       45    0.000    0.000    0.041    0.001 types.py:3241(numpy)
      473    0.000    0.000    0.001    0.000 typing.py:1492(__subclasscheck__)
      100    0.000    0.000    0.000    0.000 context.py:2757(__exit__)
      138    0.000    0.000    0.000    0.000 typing.py:175(_type_check)
      152    0.000    0.000    0.001    0.000 <frozen importlib._bootstrap_external>:132(_path_split)
      473    0.000    0.000    0.001    0.000 typing.py:1221(__instancecheck__)
      570    0.000    0.000    0.000    0.000 dataclasses.py:404(field)
     2143    0.000    0.000    0.000    0.000 context.py:3187(is_cuda)
      229    0.000    0.000    0.010    0.000 inspect.py:3343(signature)
       50    0.000    0.000    0.001    0.000 typing.py:1269(__init__)
     1882    0.000    0.000    0.000    0.000 context.py:3204(context)
      649    0.000    0.000    0.000    0.000 {method 'update' of '_hashlib.HASH' objects}
       18    0.000    0.000    1.448    0.080 context.py:6724(set_module_options)
      193    0.000    0.000    0.000    0.000 {built-in method builtins.min}
       11    0.000    0.000    0.047    0.004 arraypad.py:533(pad)
        1    0.000    0.000    0.870    0.870 collision_gjk.py:1(<module>)
       96    0.000    0.000    0.003    0.000 io.py:366(create_nmodel_batched_array)
       18    0.000    0.000    0.001    0.000 types.py:480(mat_t)
       11    0.000    0.000    0.000    0.000 context.py:3152(<lambda>)
     1230    0.000    0.000    0.000    0.000 {built-in method builtins.callable}
      958    0.000    0.000    0.000    0.000 {built-in method sys.getrecursionlimit}
      284    0.000    0.000    0.000    0.000 enum.py:844(__setattr__)
       83    0.000    0.000    0.000    0.000 <frozen importlib._bootstrap>:232(__init__)
   111/99    0.000    0.000    0.002    0.000 typing.py:392(inner)
      958    0.000    0.000    0.000    0.000 {built-in method builtins.id}
       89    0.000    0.000    0.000    0.000 inspect.py:2896(args)
        1    0.000    0.000    0.306    0.306 collision_sdf.py:1(<module>)
       75    0.000    0.000    0.000    0.000 <frozen importlib._bootstrap_external>:670(_classify_pyc)
        7    0.000    0.000    0.041    0.006 context.py:1584(__init__)
      568    0.000    0.000    0.000    0.000 <string>:1(<lambda>)
      100    0.000    0.000    0.000    0.000 context.py:2751(__enter__)
       83    0.000    0.000    0.013    0.000 <frozen importlib._bootstrap_external>:1495(_get_spec)
      570    0.000    0.000    0.000    0.000 dataclasses.py:489(_field_init)
      229    0.000    0.000    0.009    0.000 inspect.py:3081(from_callable)
      651    0.000    0.000    0.000    0.000 dataclasses.py:461(<genexpr>)
      557    0.000    0.000    0.004    0.000 types.py:2788(__del__)
       37    0.000    0.000    0.002    0.000 codegen.py:802(func_match_args)
        1    0.000    0.000    0.001    0.001 types.py:726(Model)
       35    0.000    0.000    0.000    0.000 types.py:2795(__array_interface__)
      147    0.000    0.000    0.001    0.000 <frozen importlib._bootstrap>:162(__enter__)
        1    0.000    0.000    2.540    2.540 forward.py:1(<module>)
      110    0.000    0.000    0.000    0.000 types.py:3031(__ctype__)
       15    0.000    0.000    0.000    0.000 stride_tricks.py:340(_broadcast_to)
  478/473    0.000    0.000    0.000    0.000 {built-in method _abc._abc_subclasscheck}
       89    0.000    0.000    0.003    0.000 types.py:1081(quaternion)
       11    0.000    0.000    0.000    0.000 {built-in method nt._path_isfile}
     1532    0.000    0.000    0.000    0.000 context.py:3182(is_cpu)
       12    0.000    0.000    0.000    0.000 dataclasses.py:250(_recursive_repr)
      136    0.000    0.000    0.000    0.000 _weakrefset.py:85(add)
      566    0.000    0.000    0.000    0.000 context.py:3159(get_allocator)
      111    0.000    0.000    0.001    0.000 codegen.py:843(get_arg_type)
        4    0.000    0.000    0.000    0.000 _compiler.py:216(_compile_charset)
      728    0.000    0.000    0.000    0.000 inspect.py:1187(__init__)
     1039    0.000    0.000    0.000    0.000 {method 'get' of 'mappingproxy' objects}
       31    0.000    0.000    0.000    0.000 {built-in method numpy.empty}
       93    0.000    0.000    0.000    0.000 <frozen importlib._bootstrap_external>:172(_path_isabs)
     2417    0.000    0.000    0.000    0.000 types.py:303(<lambda>)
      147    0.000    0.000    0.000    0.000 <frozen importlib._bootstrap>:74(__new__)
        1    0.000    0.000    0.025    0.025 solver_mujoco.py:2435(expand_model_fields)
        9    0.000    0.000    0.000    0.000 utils.py:1385(__exit__)
      627    0.000    0.000    0.000    0.000 <frozen importlib._bootstrap>:491(_verbose_message)
       58    0.000    0.000    0.001    0.000 context.py:6141(pack_args)
        9    0.000    0.000    0.001    0.000 <frozen importlib._bootstrap_external>:1648(_fill_cache)
      264    0.000    0.000    0.010    0.000 context.py:690(<genexpr>)
       83    0.000    0.000    0.001    0.000 <frozen importlib._bootstrap_external>:1592(_get_spec)
      244    0.000    0.000    0.000    0.000 inspect.py:1775(currentframe)
       95    0.000    0.000    0.000    0.000 {built-in method _hashlib.openssl_sha256}
      314    0.000    0.000    0.010    0.000 <frozen importlib._bootstrap_external>:140(_path_stat)
      136    0.000    0.000    0.466    0.003 context.py:1069(kernel)
       97    0.000    0.000    0.000    0.000 types.py:1704(__init__)
      225    0.000    0.000    0.000    0.000 <frozen importlib._bootstrap_external>:84(_unpack_uint32)
        1    0.000    0.000    0.000    0.000 topology.py:21(topological_sort)
        1    0.000    0.000    0.140    0.140 support.py:1(<module>)
      412    0.000    0.000    0.000    0.000 <frozen importlib._bootstrap>:645(parent)
      421    0.000    0.000    0.000    0.000 {method 'items' of 'mappingproxy' objects}
      675    0.000    0.000    0.000    0.000 {method 'keys' of 'dict' objects}
       95    0.000    0.000    0.000    0.000 {method 'digest' of '_hashlib.HASH' objects}
       86    0.000    0.000    0.000    0.000 numerictypes.py:357(issubdtype)
       23    0.000    0.000    0.000    0.000 context.py:2743(free)
      162    0.000    0.000    0.000    0.000 shape_base.py:1257(<genexpr>)
       83    0.000    0.000    0.008    0.000 <frozen importlib._bootstrap>:806(module_from_spec)
       98    0.000    0.000    0.004    0.000 types.py:1167(__getattr__)
      236    0.000    0.000    0.000    0.000 enum.py:779(__delattr__)
       19    0.000    0.000    0.024    0.001 solver_mujoco.py:2514(tile)
       35    0.000    0.000    0.040    0.001 context.py:1632(hash_kernel)
      147    0.000    0.000    0.000    0.000 <frozen importlib._bootstrap>:79(__init__)
  478/473    0.000    0.000    0.000    0.000 <frozen abc>:121(__subclasscheck__)
        4    0.000    0.000    0.000    0.000 _compiler.py:243(_optimize_charset)
    35/10    0.000    0.000    2.541    0.254 {built-in method builtins.__import__}
       22    0.000    0.000    0.000    0.000 dataclasses.py:437(_tuple_str)
       54    0.000    0.000    0.000    0.000 codegen.py:3059(get_static_evaluation_context)
       40    0.000    0.000    0.000    0.000 {built-in method numpy.zeros}
       54    0.000    0.000    0.000    0.000 ast.py:182(copy_location)
        1    0.000    0.000    0.141    0.141 ray.py:1(<module>)
       23    0.000    0.000    0.001    0.000 tokenize.py:346(detect_encoding)
       83    0.000    0.000    0.000    0.000 {built-in method _imp.is_builtin}
      324    0.000    0.000    0.000    0.000 typing.py:1161(_is_dunder)
        2    0.000    0.000    0.000    0.000 io.py:37(_hfield_geom_pair)
     1574    0.000    0.000    0.000    0.000 types.py:304(<lambda>)
       83    0.000    0.000    0.001    0.000 <frozen importlib._bootstrap_external>:615(_get_cached)
      314    0.000    0.000    0.000    0.000 {method 'pop' of 'dict' objects}
       22    0.000    0.000    0.001    0.000 arraypad.py:458(_as_pairs)
      456    0.000    0.000    0.000    0.000 <frozen importlib._bootstrap_external>:134(<genexpr>)
        1    0.000    0.000    0.000    0.000 {built-in method mujoco._functions.mj_forward}
      264    0.000    0.000    0.000    0.000 context.py:691(<genexpr>)
      333    0.000    0.000    0.000    0.000 context.py:3227(stream)
       47    0.000    0.000    0.000    0.000 fromnumeric.py:71(_wrapreduction)
      117    0.000    0.000    0.000    0.000 {built-in method _codecs.utf_8_decode}
      754    0.000    0.000    0.000    0.000 {method 'setdefault' of 'dict' objects}
        1    0.000    0.000    0.001    0.001 mock.py:1(<module>)
       52    0.000    0.000    0.000    0.000 typing_extensions.py:3389(_has_generic_or_protocol_as_origin)
       38    0.000    0.000    0.000    0.000 types.py:3322(flatten)
        1    0.000    0.000    1.619    1.619 collision_driver.py:1(<module>)
       40    0.000    0.000    0.000    0.000 warp_util.py:92(event_scope)
       11    0.000    0.000    0.000    0.000 arraypad.py:86(_pad_simple)
       52    0.000    0.000    0.000    0.000 typing_extensions.py:3474(_collect_parameters)
      112    0.000    0.000    0.003    0.000 <frozen importlib._bootstrap_external>:150(_path_is_mode_type)
      264    0.000    0.000    0.000    0.000 context.py:711(<genexpr>)
       84    0.000    0.000    0.000    0.000 <frozen ntpath>:179(splitroot)
      570    0.000    0.000    0.000    0.000 dataclasses.py:549(_init_param)
       21    0.000    0.000    0.000    0.000 context.py:2013(__init__)
        1    0.000    0.000    0.015    0.015 gpath.py:1(<module>)
       40    0.000    0.000    0.000    0.000 <frozen ntpath>:107(join)
       75    0.000    0.000    0.000    0.000 <frozen importlib._bootstrap_external>:703(_validate_timestamp_pyc)
       22    0.000    0.000    0.001    0.000 typing.py:694(Union)
       19    0.000    0.000    0.002    0.000 context.py:784(add_overload)
      147    0.000    0.000    0.000    0.000 <frozen importlib._bootstrap>:82(remove)
      570    0.000    0.000    0.000    0.000 dataclasses.py:309(__init__)
       21    0.000    0.000    0.001    0.000 typing.py:1485(copy_with)
      172    0.000    0.000    0.000    0.000 numerictypes.py:283(issubclass_)
      579    0.000    0.000    0.000    0.000 dataclasses.py:683(_is_classvar)
      316    0.000    0.000    0.000    0.000 {method 'rfind' of 'str' objects}
      6/2    0.000    0.000    0.000    0.000 _compiler.py:37(_compile)
       75    0.000    0.000    0.002    0.000 <frozen importlib._bootstrap_external>:1206(path_stats)
      241    0.000    0.000    0.000    0.000 enum.py:79(_is_private)
      314    0.000    0.000    0.000    0.000 {built-in method sys._getframe}
       93    0.000    0.000    0.000    0.000 {built-in method nt._path_splitroot}
       83    0.000    0.000    0.000    0.000 <frozen importlib._bootstrap>:445(cb)
      417    0.000    0.000    0.000    0.000 _internal.py:304(data)
       47    0.000    0.000    0.013    0.000 context.py:5341(zeros)
      264    0.000    0.000    0.000    0.000 context.py:689(<genexpr>)
       19    0.000    0.000    0.001    0.000 typing.py:1575(__getitem__)
      178    0.000    0.000    0.000    0.000 types.py:1972(type_is_scalar)
       25    0.000    0.000    0.073    0.003 codegen.py:3285(replace_static_expressions)
      566    0.000    0.000    0.000    0.000 {built-in method _imp.acquire_lock}
      117    0.000    0.000    0.000    0.000 <frozen codecs>:319(decode)
      117    0.000    0.000    0.001    0.000 <frozen importlib._bootstrap_external>:1473(_path_importer_cache)
      579    0.000    0.000    0.000    0.000 dataclasses.py:691(_is_initvar)
       12    0.000    0.000    0.006    0.001 dataclasses.py:627(_repr_fn)
      233    0.000    0.000    0.000    0.000 {method 'strip' of 'str' objects}
        2    0.000    0.000    0.000    0.000 __init__.py:355(namedtuple)
        1    0.000    0.000    0.089    0.089 passive.py:1(<module>)
      570    0.000    0.000    0.000    0.000 dataclasses.py:477(_field_assign)
       83    0.000    0.000    0.002    0.000 <frozen importlib._bootstrap>:416(__enter__)
      566    0.000    0.000    0.000    0.000 {built-in method _imp.release_lock}
       46    0.000    0.000    0.000    0.000 enum.py:1002(_find_data_type_)
       76    0.000    0.000    0.000    0.000 <frozen importlib._bootstrap_external>:647(_check_name_wrapper)
      216    0.000    0.000    0.000    0.000 enum.py:48(_is_dunder)
      281    0.000    0.000    0.000    0.000 {method 'extend' of 'list' objects}
        1    0.000    0.000    0.209    0.209 collision_primitive_core.py:1(<module>)
      231    0.000    0.000    0.000    0.000 {method 'pop' of 'list' objects}
       54    0.000    0.000    0.000    0.000 codegen.py:3115(extract_node_source_from_lines)
      685    0.000    0.000    0.000    0.000 types.py:3058(grad)
        2    0.000    0.000    0.000    0.000 context.py:5815(invoke)
       75    0.000    0.000    0.000    0.000 <frozen importlib._bootstrap>:48(_new_module)
      118    0.000    0.000    0.000    0.000 <frozen importlib._bootstrap_external>:67(_relax_case)
       34    0.000    0.000    0.039    0.001 context.py:5526(clone)
       12    0.000    0.000    0.000    0.000 dataclasses.py:428(_fields_in_init_order)
      132    0.000    0.000    0.000    0.000 types.py:1775(type_ctype)
      482    0.000    0.000    0.000    0.000 context.py:372(is_builtin)
      178    0.000    0.000    0.000    0.000 types.py:2013(is_scalar)
       78    0.000    0.000    0.000    0.000 context.py:4637(is_cuda_driver_initialized)
       29    0.000    0.000    0.000    0.000 types.py:1624(__init__)
       38    0.000    0.000    0.000    0.000 codegen.py:785(apply_defaults)
       25    0.000    0.000    0.000    0.000 {built-in method numpy.arange}
      241    0.000    0.000    0.000    0.000 enum.py:59(_is_sunder)
      336    0.000    0.000    0.000    0.000 <frozen importlib._bootstrap>:1226(__exit__)
       47    0.000    0.000    0.001    0.000 types.py:3150(zero_)
      141    0.000    0.000    0.000    0.000 enum.py:1179(__init__)
        1    0.000    0.000    1.235    1.235 collision_convex.py:1(<module>)
       64    0.000    0.000    0.001    0.000 <frozen importlib._bootstrap>:463(_lock_unlock_module)
      103    0.000    0.000    0.003    0.000 <frozen importlib._bootstrap_external>:159(_path_isfile)
      100    0.000    0.000    0.000    0.000 {built-in method builtins.all}
      294    0.000    0.000    0.000    0.000 {method '__exit__' of '_thread.RLock' objects}
       83    0.000    0.000    0.013    0.000 <frozen importlib._bootstrap_external>:1524(find_spec)
      281    0.000    0.000    0.000    0.000 shape_base.py:1267(<genexpr>)
      220    0.000    0.000    0.000    0.000 {built-in method _ctypes.byref}
      237    0.000    0.000    0.000    0.000 {built-in method builtins.delattr}
       87    0.000    0.000    0.000    0.000 functools.py:65(wraps)
        1    0.000    0.000    0.000    0.000 types.py:1389(Data)
      336    0.000    0.000    0.000    0.000 <frozen importlib._bootstrap>:1222(__enter__)
        1    0.000    0.000    0.287    0.287 collision_gjk_legacy.py:1(<module>)
      158    0.000    0.000    0.002    0.000 <frozen importlib._bootstrap>:632(cached)
      230    0.000    0.000    0.000    0.000 types.py:5824(is_generic_signature)
       35    0.000    0.000    0.039    0.001 types.py:3314(to)
       47    0.000    0.000    0.000    0.000 fromnumeric.py:53(_wrapfunc)
       83    0.000    0.000    0.000    0.000 {built-in method _thread.allocate_lock}
       17    0.000    0.000    0.000    0.000 {method 'astype' of 'numpy.ndarray' objects}
        7    0.000    0.000    0.000    0.000 {built-in method builtins.print}
      179    0.000    0.000    0.000    0.000 types.py:1957(type_is_int)
       83    0.000    0.000    0.000    0.000 __init__.py:103(find_spec)
       73    0.000    0.000    0.000    0.000 {built-in method builtins.sorted}
        1    0.000    0.000    0.000    0.000 linalg.py:688(cholesky)
        7    0.000    0.000    0.000    0.000 decoder.py:344(raw_decode)
      225    0.000    0.000    0.000    0.000 {built-in method from_bytes}
       11    0.000    0.000    0.000    0.000 types.py:3159(fill_)
      144    0.000    0.000    0.000    0.000 context.py:63(create_value_func)
       50    0.000    0.000    0.000    0.000 typing.py:1174(__init__)
       23    0.000    0.000    0.000    0.000 enum.py:1029(_find_new_)
      294    0.000    0.000    0.000    0.000 {built-in method _thread.get_ident}
       35    0.000    0.000    0.000    0.000 utils.py:1253(__init__)
       23    0.000    0.000    0.000    0.000 enum.py:513(__prepare__)
       11    0.000    0.000    0.000    0.000 {built-in method _abc._abc_init}
      147    0.000    0.000    0.000    0.000 <frozen importlib._bootstrap>:173(__exit__)
      3/2    0.000    0.000    0.000    0.000 _parser.py:512(_parse)
       19    0.000    0.000    0.000    0.000 context.py:774(infer_argument_types)
      292    0.000    0.000    0.000    0.000 {built-in method _ctypes.addressof}
       54    0.000    0.000    0.041    0.001 context.py:2218(get_module_hash)
        1    0.000    0.000    0.030    0.030 math.py:1(<module>)
        1    0.000    0.000    0.000    0.000 {built-in method nt.scandir}
       11    0.000    0.000    0.000    0.000 {built-in method _ctypes.pointer}
       69    0.000    0.000    0.000    0.000 context.py:4705(get_device)
        1    0.000    0.000    0.223    0.223 collision_hfield.py:1(<module>)
      333    0.000    0.000    0.000    0.000 types.py:2026(is_tuple)
      147    0.000    0.000    0.000    0.000 {built-in method _weakref._remove_dead_weakref}
       47    0.000    0.000    0.000    0.000 dataclasses.py:857(_set_qualname)
      141    0.000    0.000    0.000    0.000 enum.py:38(_is_descriptor)
        1    0.000    0.000    0.038    0.038 test_util.py:1(<module>)
      513    0.000    0.000    0.000    0.000 inspect.py:3093(return_annotation)
      132    0.000    0.000    0.000    0.000 context.py:521(extract_return_value)
       75    0.000    0.000    0.000    0.000 {built-in method _imp._fix_co_filename}
       22    0.000    0.000    0.000    0.000 typing.py:345(_remove_dups_flatten)
        1    0.000    0.000    0.023    0.023 types.py:1(<module>)
       34    0.000    0.000    0.001    0.000 context.py:5581(empty_like)
       47    0.000    0.000    0.000    0.000 dataclasses.py:864(_set_new_attribute)
        9    0.000    0.000    0.000    0.000 <frozen importlib._bootstrap_external>:1571(__init__)
       44    0.000    0.000    0.078    0.002 types.py:241(_binary_op)
      123    0.000    0.000    0.000    0.000 enum.py:202(__get__)
       21    0.000    0.000    0.000    0.000 _weakrefset.py:37(__init__)
       83    0.000    0.000    0.000    0.000 <frozen importlib._bootstrap>:420(__exit__)
       83    0.000    0.000    0.000    0.000 {built-in method _imp.find_frozen}
        1    0.000    0.000    0.005    0.005 solver_mujoco.py:1617(color_collision_shapes)
      579    0.000    0.000    0.000    0.000 dataclasses.py:697(_is_kw_only)
        5    0.000    0.000    0.004    0.001 __init__.py:343(__init__)
       18    0.000    0.000    0.000    0.000 arraypad.py:58(_view_roi)
       35    0.000    0.000    0.000    0.000 utils.py:1280(__exit__)
        1    0.000    0.000    0.005    0.005 graph_coloring.py:189(color_graph)
       35    0.000    0.000    0.000    0.000 utils.py:1272(__enter__)
      148    0.000    0.000    0.001    0.000 context.py:345(<genexpr>)
      241    0.000    0.000    0.000    0.000 enum.py:70(_is_internal_class)
      207    0.000    0.000    0.000    0.000 typing.py:1273(<genexpr>)
       49    0.000    0.000    0.000    0.000 solver_mujoco.py:1802(quat_to_mjc)
       45    0.000    0.000    0.000    0.000 tokenize.py:376(find_cookie)
        1    0.000    0.000    0.004    0.004 graph_coloring.py:92(convert_to_color_groups)
        1    0.000    0.000    0.062    0.062 derivative.py:1(<module>)
        3    0.000    0.000    0.000    0.000 {built-in method builtins.dir}
       54    0.000    0.000    0.000    0.000 codegen.py:3198(extract_node_source)
       27    0.000    0.000    0.000    0.000 dataclasses.py:701(_is_type)
      251    0.000    0.000    0.000    0.000 types.py:1841(type_to_warp)
       83    0.000    0.000    0.000    0.000 <frozen importlib._bootstrap>:1128(find_spec)
       21    0.000    0.000    0.000    0.000 context.py:830(get_mangled_name)
       44    0.000    0.000    0.078    0.002 types.py:417(__mul__)
        9    0.000    0.000    0.000    0.000 <frozen zipimport>:64(__init__)
        4    0.000    0.000    0.000    0.000 {method 'outer' of 'numpy.ufunc' objects}
       46    0.000    0.000    0.000    0.000 enum.py:961(_get_mixins_)
      147    0.000    0.000    0.000    0.000 {method 'remove' of 'list' objects}
      143    0.000    0.000    0.000    0.000 typing.py:166(_type_convert)
      5/4    0.000    0.000    0.009    0.002 context.py:1646(hash_function)
        8    0.000    0.000    0.002    0.000 context.py:1145(struct)
        1    0.000    0.000    0.034    0.034 util_misc.py:1(<module>)
      577    0.000    0.000    0.000    0.000 dataclasses.py:432(<genexpr>)
       54    0.000    0.000    0.000    0.000 codegen.py:3082(verify_static_return_value)
     45/1    0.000    0.000    0.000    0.000 topology.py:53(visit)
        1    0.000    0.000    0.002    0.002 __init__.py:206(_load_all_bundled_plugins)
      289    0.000    0.000    0.000    0.000 {method 'lower' of 'str' objects}
        9    0.000    0.000    0.001    0.000 <frozen importlib._bootstrap_external>:1460(_path_hooks)
       22    0.000    0.000    0.000    0.000 <frozen codecs>:309(__init__)
        1    0.000    0.000    0.001    0.001 pkgutil.py:319(extend_path)
      577    0.000    0.000    0.000    0.000 dataclasses.py:1142(<genexpr>)
        7    0.000    0.000    0.000    0.000 context.py:1897(__new__)
       18    0.000    0.000    0.000    0.000 contextlib.py:272(contextmanager)
        1    0.000    0.000    0.000    0.000 {built-in method mujoco._functions.mj_fullM}
       12    0.000    0.000    0.000    0.000 arraysetops.py:766(isin)
       13    0.000    0.000    0.000    0.000 warp_util.py:185(cache_kernel)
        3    0.000    0.000    0.000    0.000 _version.py:55(__init__)
       93    0.000    0.000    0.000    0.000 <frozen importlib._bootstrap_external>:185(_path_abspath)
      111    0.000    0.000    0.000    0.000 codegen.py:607(strip_reference)
        5    0.000    0.000    0.000    0.000 __init__.py:396(__getitem__)
       73    0.000    0.000    0.000    0.000 typing.py:1584(<genexpr>)
        1    0.000    0.000    0.000    0.000 loader.py:1(<module>)
       23    0.000    0.000    0.000    0.000 enum.py:951(_check_for_existing_members_)
      123    0.000    0.000    0.000    0.000 enum.py:1286(value)
        8    0.000    0.000    0.000    0.000 utils.py:1300(__init__)
    25/15    0.000    0.000    0.000    0.000 types.py:5600(type_matches_template)
       83    0.000    0.000    0.000    0.000 <frozen importlib._bootstrap>:982(find_spec)
        5    0.000    0.000    0.000    0.000 copy.py:61(copy)
        1    0.000    0.000    0.000    0.000 solver_mujoco.py:2646(update_geom_properties)
       18    0.000    0.000    1.448    0.080 inspect.py:1779(stack)
        5    0.000    0.000    0.000    0.000 {method '__reduce_ex__' of 'object' objects}
        1    0.000    0.000    0.046    0.046 inverse.py:1(<module>)
       18    0.000    0.000    0.001    0.000 types.py:469(matrix)
      179    0.000    0.000    0.000    0.000 types.py:1964(type_is_float)
        1    0.000    0.000    0.000    0.000 types.py:1356(Contact)
      160    0.000    0.000    0.000    0.000 {method 'partition' of 'str' objects}
       85    0.000    0.000    0.000    0.000 <frozen importlib._bootstrap>:599(__init__)
       32    0.000    0.000    0.000    0.000 _weakrefset.py:63(__iter__)
       11    0.000    0.000    0.000    0.000 fromnumeric.py:423(repeat)
        1    0.000    0.000    0.001    0.001 _common.py:1(<module>)
       34    0.000    0.000    0.000    0.000 utils.py:1230(__exit__)
       12    0.000    0.000    0.021    0.002 dataclasses.py:1264(wrap)
       23    0.000    0.000    0.000    0.000 enum.py:383(__init__)
    42/35    0.000    0.000    0.000    0.000 types.py:1852(type_typestr)
        4    0.000    0.000    0.000    0.000 numeric.py:1673(indices)
        9    0.000    0.000    0.000    0.000 fromnumeric.py:2177(sum)
        2    0.000    0.000    0.000    0.000 _compiler.py:578(_code)
       21    0.000    0.000    0.000    0.000 context.py:2263(get_module_identifier)
        2    0.000    0.000    0.000    0.000 __init__.py:73(CFUNCTYPE)
        7    0.000    0.000    0.000    0.000 context.py:2160(live_kernels)
        1    0.000    0.000    0.003    0.003 case.py:1(<module>)
        7    0.000    0.000    0.001    0.000 __init__.py:274(load)
       89    0.000    0.000    0.000    0.000 typing.py:730(<genexpr>)
        1    0.000    0.000    0.000    0.000 inspect.py:2239(_signature_fromstr)
       12    0.000    0.000    0.000    0.000 typing.py:747(Optional)
        2    0.000    0.000    0.000    0.000 types.py:2915(__getitem__)
        7    0.000    0.000    0.000    0.000 decoder.py:333(decode)
      122    0.000    0.000    0.000    0.000 enum.py:814(<genexpr>)
        9    0.000    0.000    0.000    0.000 numeric.py:67(zeros_like)
        2    0.000    0.000    0.000    0.000 typing.py:1(<module>)
        1    0.000    0.000    0.000    0.000 histograms.py:678(histogram)
       16    0.000    0.000    0.001    0.000 io.py:164(<genexpr>)
       34    0.000    0.000    0.000    0.000 utils.py:1218(__enter__)
       19    0.000    0.000    0.001    0.000 io.py:182(<genexpr>)
       11    0.000    0.000    0.000    0.000 context.py:5433(full)
       45    0.000    0.000    0.000    0.000 {method 'decode' of 'bytes' objects}
       19    0.000    0.000    0.000    0.000 getlimits.py:685(__init__)
        1    0.000    0.000    0.001    0.001 text_utils.py:1(<module>)
        8    0.000    0.000    0.000    0.000 utils.py:1353(__enter__)
        1    0.000    0.000    0.000    0.000 types.py:368(SensorType)
       43    0.000    0.000    0.000    0.000 {method 'encode' of 'str' objects}
       23    0.000    0.000    0.000    0.000 {method 'startswith' of 'bytes' objects}
        1    0.000    0.000    0.029    0.029 testing.py:1(<module>)
       57    0.000    0.000    0.000    0.000 {method 'hex' of 'bytes' objects}
        7    0.000    0.000    0.000    0.000 __init__.py:299(loads)
        1    0.000    0.000    0.002    0.002 lazy_imports_utils.py:1(<module>)
      111    0.000    0.000    0.000    0.000 codegen.py:603(is_reference)
        1    0.000    0.000    0.000    0.000 case.py:345(TestCase)
        9    0.000    0.000    0.000    0.000 <frozen importlib._bootstrap_external>:1689(path_hook_for_FileFinder)
        3    0.000    0.000    0.000    0.000 twodim_base.py:1033(triu_indices)
       36    0.000    0.000    0.000    0.000 arraypad.py:33(_slice_at_axis)
        2    0.000    0.000    0.000    0.000 typing.py:1074(_generic_class_getitem)
       34    0.000    0.000    0.000    0.000 utils.py:1209(__init__)
        8    0.000    0.000    0.006    0.001 <frozen importlib._bootstrap_external>:1291(create_module)
        7    0.000    0.000    0.000    0.000 types.py:2163(strides_from_shape)
        5    0.000    0.000    0.000    0.000 numeric.py:136(ones)
        2    0.000    0.000    0.000    0.000 {method 'cumsum' of 'numpy.ndarray' objects}
      3/2    0.000    0.000    0.000    0.000 _parser.py:452(_parse_sub)
        1    0.000    0.000    0.000    0.000 {method 'disable' of '_lsprof.Profiler' objects}
      147    0.000    0.000    0.000    0.000 <frozen importlib._bootstrap>:158(__init__)
        1    0.000    0.000    0.001    0.001 collision_primitive.py:1437(_check_primitive_collisions)
    34/22    0.000    0.000    0.001    0.000 typing.py:515(__getitem__)
        1    0.000    0.000    0.002    0.002 backend.py:1(<module>)
       15    0.000    0.000    0.000    0.000 stride_tricks.py:367(broadcast_to)
        1    0.000    0.000    0.000    0.000 types.py:632(Constraint)
        1    0.000    0.000    0.002    0.002 collision_convex.py:68(_check_convex_collision_pairs)
        1    0.000    0.000    0.000    0.000 lazy_api_imports_utils.py:1(<module>)
        2    0.000    0.000    0.000    0.000 <frozen os>:286(walk)
        2    0.000    0.000    0.000    0.000 function_base.py:1324(diff)
       25    0.000    0.000    0.000    0.000 {built-in method fromkeys}
       42    0.000    0.000    0.000    0.000 {method 'find' of 'str' objects}
       89    0.000    0.000    0.000    0.000 types.py:1082(quat_t)
        1    0.000    0.000    0.003    0.003 solver_mujoco.py:1404(notify_model_changed)
       45    0.000    0.000    0.001    0.000 tokenize.py:370(read_or_stop)
       42    0.000    0.000    0.000    0.000 {method 'ravel' of 'numpy.ndarray' objects}
       40    0.000    0.000    0.000    0.000 _parser.py:168(__getitem__)
       14    0.000    0.000    0.000    0.000 fromnumeric.py:2836(min)
        9    0.000    0.000    0.000    0.000 twodim_base.py:1115(<genexpr>)
       39    0.000    0.000    0.000    0.000 arraysetops.py:630(<genexpr>)
       39    0.000    0.000    0.003    0.000 context.py:2671(<lambda>)
        1    0.000    0.000    0.000    0.000 pprint.py:106(PrettyPrinter)
        8    0.000    0.000    0.000    0.000 fromnumeric.py:2322(any)
       25    0.000    0.000    0.000    0.000 codegen.py:3286(StaticExpressionReplacer)
        1    0.000    0.000    0.000    0.000 types.py:547(Option)
        5    0.000    0.000    0.000    0.000 {built-in method mujoco._functions.mj_name2id}
        1    0.000    0.000    0.000    0.000 inspect.py:2048(_signature_get_partial)
        1    0.000    0.000    0.000    0.000 inspect.py:2189(_signature_strip_non_python_syntax)
       22    0.000    0.000    0.000    0.000 {method 'nonzero' of 'numpy.ndarray' objects}
        4    0.000    0.000    0.000    0.000 functools.py:855(register)
        1    0.000    0.000    0.001    0.001 _internal.py:1(<module>)
       14    0.000    0.000    0.000    0.000 {built-in method _codecs.charmap_encode}
        1    0.000    0.000    0.000    0.000 {built-in method mujoco._functions.mj_versionString}
        1    0.000    0.000    0.000    0.000 io.py:1(<module>)
       13    0.000    0.000    0.000    0.000 context.py:2277(get_compile_arch)
        4    0.000    0.000    0.000    0.000 twodim_base.py:366(tri)
        2    0.000    0.000    0.001    0.000 _compiler.py:745(compile)
        9    0.000    0.000    0.000    0.000 typing.py:1205(__getattr__)
       24    0.000    0.000    0.000    0.000 typing.py:317(_deduplicate)
        1    0.000    0.000    0.006    0.006 binary_import.py:1(<module>)
        1    0.000    0.000    0.001    0.001 difflib.py:1(<module>)
       29    0.000    0.000    0.000    0.000 arraypad.py:109(<genexpr>)
       11    0.000    0.000    0.003    0.000 dataclasses.py:661(_cmp_fn)
        1    0.000    0.000    0.000    0.000 contextlib.py:1(<module>)
        7    0.000    0.000    0.000    0.000 functools.py:521(decorating_function)
        7    0.000    0.000    0.000    0.000 _weakrefset.py:53(_commit_removals)
        7    0.000    0.000    0.000    0.000 _weakrefset.py:27(__exit__)
        5    0.000    0.000    0.000    0.000 copy.py:247(_reconstruct)
       43    0.000    0.000    0.000    0.000 {built-in method builtins.abs}
        1    0.000    0.000    0.001    0.001 gl_context.py:1(<module>)
        1    0.000    0.000    0.000    0.000 py_utils.py:1(<module>)
       47    0.000    0.000    0.000    0.000 enum.py:816(__len__)
       16    0.000    0.000    0.000    0.000 fromnumeric.py:2692(max)
       22    0.000    0.000    0.000    0.000 {method 'seek' of '_io.BufferedReader' objects}
      8/6    0.000    0.000    0.021    0.003 <frozen importlib._bootstrap_external>:1299(exec_module)
       15    0.000    0.000    0.000    0.000 enum.py:810(__iter__)
       83    0.000    0.000    0.000    0.000 <frozen importlib._bootstrap>:412(__init__)
       11    0.000    0.000    0.000    0.000 <frozen abc>:105(__new__)
       23    0.000    0.000    0.000    0.000 {method 'bit_length' of 'int' objects}
        2    0.000    0.000    0.000    0.000 typing.py:2219(get_type_hints)
        3    0.000    0.000    0.000    0.000 typing.py:1560(__getitem_inner__)
        7    0.000    0.000    0.000    0.000 context.py:2295(get_compile_output_name)
       15    0.000    0.000    0.000    0.000 function_base.py:348(iterable)
        1    0.000    0.000    0.003    0.003 resource_utils.py:1(<module>)
       81    0.000    0.000    0.000    0.000 shape_base.py:1181(_tile_dispatcher)
        1    0.000    0.000    0.000    0.000 collision_primitive.py:54(Geom)
        7    0.000    0.000    0.000    0.000 {built-in method _codecs.charmap_decode}
       22    0.000    0.000    0.000    0.000 fromnumeric.py:1881(nonzero)
       17    0.000    0.000    0.000    0.000 dataclasses.py:433(<genexpr>)
        5    0.000    0.000    0.000    0.000 typing.py:1546(__getitem__)
        1    0.000    0.000    0.000    0.000 register.py:1(<module>)
       14    0.000    0.000    0.000    0.000 cp1252.py:18(encode)
        1    0.000    0.000    0.001    0.001 result.py:1(<module>)
       76    0.000    0.000    0.000    0.000 <frozen importlib._bootstrap_external>:1157(__init__)
        3    0.000    0.000    0.000    0.000 twodim_base.py:963(<genexpr>)
       29    0.000    0.000    0.000    0.000 arraypad.py:120(<genexpr>)
        1    0.000    0.000    0.000    0.000 collision_gjk.py:62(Polytope)
       23    0.000    0.000    0.000    0.000 enum.py:980(_find_data_repr_)
        8    0.000    0.000    0.000    0.000 codegen.py:186(get_annotations)
       23    0.000    0.000    0.000    0.000 context.py:2735(<lambda>)
        1    0.000    0.000    0.000    0.000 abc.py:1(<module>)
        7    0.000    0.000    0.000    0.000 {method 'min' of 'numpy.ndarray' objects}
        4    0.000    0.000    0.000    0.000 enum.py:1556(__and__)
       11    0.000    0.000    0.000    0.000 {method 'round' of 'numpy.ndarray' objects}
        1    0.000    0.000    0.000    0.000 warp_util.py:1(<module>)
       57    0.000    0.000    0.000    0.000 {method 'group' of 're.Match' objects}
        7    0.000    0.000    0.000    0.000 cp1252.py:22(decode)
        1    0.000    0.000    0.000    0.000 util.py:1(<module>)
       25    0.000    0.000    0.000    0.000 {method 'sort' of 'list' objects}
       10    0.000    0.000    0.000    0.000 typing.py:1600(__hash__)
        1    0.000    0.000    0.000    0.000 histograms.py:360(_get_bin_edges)
        1    0.000    0.000    0.001    0.001 runner.py:1(<module>)
        1    0.000    0.000    0.000    0.000 {built-in method numpy.fromiter}
       11    0.000    0.000    0.000    0.000 fromnumeric.py:3269(round)
        2    0.000    0.000    0.000    0.000 _parser.py:969(parse)
        3    0.000    0.000    0.000    0.000 typing.py:1123(_generic_init_subclass)
        2    0.000    0.000    0.000    0.000 typing.py:1442(__mro_entries__)
        1    0.000    0.000    0.000    0.000 solver_mujoco.py:2573(update_joint_dof_properties)
       37    0.000    0.000    0.000    0.000 math.py:294(upper_trid_index)
        1    0.000    0.000    0.000    0.000 renderer.py:27(Renderer)
        1    0.000    0.000    0.000    0.000 renderer.py:1(<module>)
        1    0.000    0.000    0.000    0.000 pprint.py:1(<module>)
        1    0.000    0.000    0.000    0.000 curr_args.py:1(<module>)
        2    0.000    0.000    0.000    0.000 {built-in method mujoco._functions.mj_isSparse}
       13    0.000    0.000    0.000    0.000 getlimits.py:696(min)
       10    0.000    0.000    0.000    0.000 {method 'split' of 'str' objects}
       29    0.000    0.000    0.000    0.000 <frozen codecs>:260(__init__)
       12    0.000    0.000    0.019    0.002 dataclasses.py:1247(dataclass)
        1    0.000    0.000    0.000    0.000 abstract_path.py:40(Path)
        7    0.000    0.000    0.000    0.000 {method 'format' of 'str' objects}
        2    0.000    0.000    0.000    0.000 functools.py:803(singledispatch)
        1    0.000    0.000    0.000    0.000 itertools.py:1(<module>)
       15    0.000    0.000    0.000    0.000 {method 'any' of 'numpy.ndarray' objects}
        2    0.000    0.000    0.000    0.000 _compiler.py:516(_compile_info)
       22    0.000    0.000    0.000    0.000 getlimits.py:709(max)
        1    0.000    0.000    0.001    0.001 main.py:1(<module>)
        7    0.000    0.000    0.000    0.000 typing.py:2510(overload)
        1    0.000    0.000    0.001    0.001 abstract_path.py:1(<module>)
       72    0.000    0.000    0.000    0.000 <frozen importlib._bootstrap_external>:1577(<genexpr>)
        1    0.000    0.000    0.000    0.000 solver_mujoco.py:2541(update_model_inertial_properties)
       18    0.000    0.000    0.000    0.000 context.py:2246(_use_ptx)
        2    0.000    0.000    2.667    1.334 solver_mujoco.py:1191(import_mujoco)
        1    0.000    0.000    0.000    0.000 _compiler.py:391(_mk_bitmap)
        1    0.000    0.000    0.000    0.000 utils.py:1(<module>)
        1    0.000    0.000    0.000    0.000 flags.py:1(<module>)
        2    0.000    0.000    0.000    0.000 {built-in method _sre.compile}
       12    0.000    0.000    0.000    0.000 <frozen abc>:146(update_abstractmethods)
        2    0.000    0.000    0.000    0.000 {method 'searchsorted' of 'numpy.ndarray' objects}
        4    0.000    0.000    0.000    0.000 <frozen genericpath>:133(_splitext)
        1    0.000    0.000    0.000    0.000 solver_mujoco.py:1810(fill_arr_from_dict)
        5    0.000    0.000    0.000    0.000 __init__.py:389(__getattr__)
       38    0.000    0.000    0.000    0.000 typing.py:1279(__eq__)
       15    0.000    0.000    0.000    0.000 typing_extensions.py:3411(_is_unpacked_typevartuple)
       16    0.000    0.000    0.000    0.000 {built-in method time.perf_counter_ns}
       38    0.000    0.000    0.000    0.000 {method 'keys' of 'mappingproxy' objects}
       16    0.000    0.000    0.000    0.000 tokenize.py:454(tokenize)
        3    0.000    0.000    0.000    0.000 <frozen ntpath>:236(split)
      141    0.000    0.000    0.000    0.000 enum.py:251(__init__)
        2    0.000    0.000    0.000    0.000 arraysetops.py:323(_unique1d)
        1    0.000    0.000    0.000    0.000 types.py:123(DisableBit)
        2    0.000    0.000    0.000    0.000 typing.py:753(Literal)
        1    0.000    0.000    0.000    0.000 gpath.py:75(_GPath)
        7    0.000    0.000    0.000    0.000 {method 'tolist' of 'numpy.ndarray' objects}
        1    0.000    0.000    0.000    0.000 shape_base.py:372(stack)
       11    0.000    0.000    0.000    0.000 pkgutil.py:212(get_importer)
        1    0.000    0.000    0.000    0.000 module_utils.py:1(<module>)
        1    0.000    0.000    0.000    0.000 mock.py:409(NonCallableMock)
      6/2    0.000    0.000    0.000    0.000 _parser.py:178(getwidth)
        3    0.000    0.000    0.000    0.000 typing.py:1542(copy_with)
        1    0.000    0.000    0.000    0.000 reraise_utils.py:1(<module>)
        1    0.000    0.000    0.000    0.000 abc.py:72(Traversable)
        8    0.000    0.000    0.000    0.000 twodim_base.py:33(_min_int)
        1    0.000    0.000    0.002    0.002 solver_mujoco.py:2614(update_joint_properties)
        1    0.000    0.000    0.000    0.000 loader.py:63(TestLoader)
        7    0.000    0.000    0.000    0.000 functools.py:482(lru_cache)
        1    0.000    0.000    0.000    0.000 suite.py:1(<module>)
        7    0.000    0.000    0.000    0.000 {built-in method builtins.locals}
       25    0.000    0.000    0.000    0.000 _parser.py:240(__next)
        8    0.000    0.000    0.000    0.000 mock.py:329(_delegating_property)
        1    0.000    0.000    0.000    0.000 signals.py:1(<module>)
       44    0.000    0.000    0.000    0.000 {method 'pop' of 'set' objects}
       12    0.000    0.000    0.000    0.000 enum.py:1538(_get_value)
       76    0.000    0.000    0.000    0.000 <frozen importlib._bootstrap_external>:1182(get_filename)
       83    0.000    0.000    0.000    0.000 <frozen importlib._bootstrap>:653(has_location)
        1    0.000    0.000    0.000    0.000 typing.py:1753(_get_protocol_attrs)
        2    0.000    0.000    0.000    0.000 typing.py:1476(__getitem__)
       75    0.000    0.000    0.000    0.000 <frozen importlib._bootstrap_external>:990(create_module)
        1    0.000    0.000    0.000    0.000 arraysetops.py:939(setdiff1d)
       27    0.000    0.000    0.000    0.000 context.py:4611(verify_cuda_device)
        3    0.000    0.000    0.000    0.000 __init__.py:164(match)
        1    0.000    0.000    0.000    0.000 types.py:513(__init__)
       49    0.000    0.000    0.000    0.000 {built-in method numpy.ascontiguousarray}
        2    0.000    0.000    0.000    0.000 pathlib.py:437(__str__)
        3    0.000    0.000    0.000    0.000 case.py:388(__init_subclass__)
        4    0.000    0.000    0.000    0.000 <frozen ntpath>:257(splitext)
        1    0.000    0.000    0.000    0.000 __editable___mujoco_warp_0_0_1_finder.py:33(_find_spec)
        1    0.000    0.000    0.000    0.000 twodim_base.py:883(tril_indices)
       15    0.000    0.000    0.000    0.000 stride_tricks.py:25(_maybe_view_as_subclass)
        1    0.000    0.000    0.000    0.000 _functional.py:1(<module>)
        1    0.000    0.000    0.000    0.000 __editable___mujoco_warp_0_0_1_finder.py:15(find_spec)
        1    0.000    0.000    0.000    0.000 {built-in method mujoco._functions.mju_sparse2dense}
       32    0.000    0.000    0.000    0.000 typing.py:1592(__eq__)
        1    0.000    0.000    0.000    0.000 block_cholesky.py:1(<module>)
        2    0.000    0.000    0.000    0.000 {built-in method builtins.sum}
        1    0.000    0.000    0.000    0.000 types.py:1110(transform_t)
        1    0.000    0.000    0.000    0.000 py_utils.py:37(StrEnum)
       20    0.000    0.000    0.000    0.000 _parser.py:261(get)
        2    0.000    0.000    0.000    0.000 io.py:192(<genexpr>)
        1    0.000    0.000    0.001    0.001 stat_utils.py:1(<module>)
        7    0.000    0.000    0.000    0.000 _methods.py:43(_amin)
        1    0.000    0.000    0.000    0.000 histograms.py:454(_search_sorted_inclusive)
        1    0.000    0.000    0.000    0.000 collision_sdf.py:62(MeshData)
        1    0.000    0.000    0.000    0.000 numeric.py:203(ones_like)
        8    0.000    0.000    0.000    0.000 context.py:2075(register_struct)
        9    0.000    0.000    0.000    0.000 <frozen importlib._bootstrap_external>:164(_path_isdir)
        4    0.000    0.000    0.000    0.000 functools.py:654(cache)
        2    0.000    0.000    0.000    0.000 platform.py:980(system)
        1    0.000    0.000    0.000    0.000 re_utils.py:1(<module>)
       46    0.000    0.000    0.000    0.000 enum.py:93(_is_single_bit)
        1    0.000    0.000    0.000    0.000 pathlib.py:387(_parse_path)
       54    0.000    0.000    0.000    0.000 context.py:1759(get_module_hash)
        1    0.000    0.000    0.000    0.000 backend.py:248(_TfBackend)
        1    0.000    0.000    0.000    0.000 backend.py:38(Backend)
        9    0.000    0.000    0.000    0.000 typing.py:1285(__hash__)
       45    0.000    0.000    0.000    0.000 stride_tricks.py:345(<genexpr>)
        1    0.000    0.000    0.000    0.000 curr_args.py:37(Scope)
        8    0.000    0.000    0.000    0.000 {method 'find' of 'bytearray' objects}
        1    0.000    0.000    0.000    0.000 inspect.py:2381(_signature_from_builtin)
        1    0.000    0.000    0.000    0.000 typing.py:1999(__init_subclass__)
        1    0.000    0.000    0.000    0.000 difflib.py:44(SequenceMatcher)
        1    0.000    0.000    0.000    0.000 types.py:286(GeomType)
        7    0.000    0.000    0.000    0.000 _weakrefset.py:17(__init__)
       15    0.000    0.000    0.000    0.000 _methods.py:55(_any)
       15    0.000    0.000    0.000    0.000 {built-in method sys.intern}
        5    0.000    0.000    0.000    0.000 __init__.py:373(_FuncPtr)
        1    0.000    0.000    0.000    0.000 types.py:92(CamLightType)
        3    0.000    0.000    0.000    0.000 inspect.py:2323(p)
        1    0.000    0.000    0.000    0.000 context.py:1741(get_constant_bytes)
        7    0.000    0.000    0.000    0.000 _weakrefset.py:21(__enter__)
        1    0.000    0.000    0.000    0.000 lazy_imports_utils.py:49(LazyModule)
       22    0.000    0.000    0.000    0.000 {method 'upper' of 'str' objects}
       21    0.000    0.000    0.000    0.000 context.py:719(__init__)
        1    0.000    0.000    0.000    0.000 types.py:462(ObjType)
        1    0.000    0.000    0.000    0.000 result.py:24(TestResult)
        1    0.000    0.000    0.000    0.000 stat_utils.py:21(StatResult)
        2    0.000    0.000    0.000    0.000 arraysetops.py:138(unique)
        1    0.000    0.000    0.000    0.000 collision_sdf.py:52(VolumeData)
        1    0.000    0.000    0.000    0.000 backend.py:420(_FileSystemSpecBackend)
        1    0.000    0.000    0.000    0.000 mock.py:2241(AsyncMockMixin)
        1    0.000    0.000    0.000    0.000 case.py:244(_AssertRaisesContext)
        1    0.000    0.000    0.000    0.000 {method 'clip' of 'numpy.ndarray' objects}
        1    0.000    0.000    0.000    0.000 types.py:344(ConstraintType)
        1    0.000    0.000    0.000    0.000 typing.py:2145(runtime_checkable)
       17    0.000    0.000    0.000    0.000 {method 'end' of 're.Match' objects}
        3    0.000    0.000    0.000    0.000 weakref.py:367(__init__)
        7    0.000    0.000    0.000    0.000 _weakrefset.py:72(__len__)
        1    0.000    0.000    0.000    0.000 types.py:174(TrnType)
        1    0.000    0.000    0.000    0.000 difflib.py:1666(HtmlDiff)
        1    0.000    0.000    0.000    0.000 text_utils.py:46(Lines)
        1    0.000    0.000    0.000    0.000 contextlib.py:57(__init_subclass__)
        2    0.000    0.000    0.000    0.000 <frozen _collections_abc>:469(__new__)
        2    0.000    0.000    0.000    0.000 inspect.py:2164(_signature_is_functionlike)
        1    0.000    0.000    0.000    0.000 linalg.py:159(_commonType)
        2    0.000    0.000    0.000    0.000 {method '__init_subclass__' of 'object' objects}
        2    0.000    0.000    0.000    0.000 {method 'all' of 'numpy.ndarray' objects}
        1    0.000    0.000    0.000    0.000 _compiler.py:472(_get_charset_prefix)
        1    0.000    0.000    0.000    0.000 fromnumeric.py:865(sort)
       15    0.000    0.000    0.000    0.000 {method '__exit__' of 'numpy.nditer' objects}
        2    0.000    0.000    0.000    0.000 fromnumeric.py:2512(cumsum)
    19/16    0.000    0.000    0.000    0.000 {built-in method builtins.hash}
        1    0.000    0.000    0.000    0.000 types.py:194(DynType)
        2    0.000    0.000    0.000    0.000 pathlib.py:1157(__init__)
       15    0.000    0.000    0.000    0.000 _parser.py:164(__len__)
        7    0.000    0.000    0.000    0.000 context.py:2334(get_meta_name)
        1    0.000    0.000    0.000    0.000 runner.py:30(TextTestResult)
       20    0.000    0.000    0.000    0.000 {built-in method _ctypes.sizeof}
        2    0.000    0.000    0.000    0.000 _parser.py:231(__init__)
        8    0.000    0.000    0.000    0.000 codegen.py:450(StructType)
        3    0.000    0.000    0.000    0.000 solver_mujoco.py:1775(_resolve_mj_opt)
        1    0.000    0.000    0.000    0.000 types.py:499(WrapType)
       14    0.000    0.000    0.000    0.000 mock.py:2003(<genexpr>)
       11    0.000    0.000    0.000    0.000 <frozen os>:853(fsdecode)
        1    0.000    0.000    0.000    0.000 {method 'sum' of 'numpy.ndarray' objects}
        3    0.000    0.000    0.000    0.000 inspect.py:310(ismethoddescriptor)
        1    0.000    0.000    0.000    0.000 types.py:326(ConstraintState)
        1    0.000    0.000    0.000    0.000 <frozen os>:709(__getitem__)
        1    0.000    0.000    0.000    0.000 pathlib.py:407(_load_parts)
        5    0.000    0.000    0.000    0.000 functools.py:844(_is_union_type)
        1    0.000    0.000    0.000    0.000 backend.py:121(_OsPathBackend)
        3    0.000    0.000    0.000    0.000 result.py:12(failfast)
       25    0.000    0.000    0.000    0.000 <frozen abc>:7(abstractmethod)
        1    0.000    0.000    0.000    0.000 _compiler.py:396(_bytes_to_codes)
        6    0.000    0.000    0.000    0.000 functools.py:848(_is_valid_dispatch_type)
       12    0.000    0.000    0.000    0.000 typing.py:494(__repr__)
        1    0.000    0.000    0.000    0.000 types.py:243(JointType)
        1    0.000    0.000    0.000    0.000 testing.py:37(_MockBackend)
        3    0.000    0.000    0.000    0.000 mock.py:305(__getattr__)
        1    0.000    0.000    0.000    0.000 types.py:213(GainType)
        4    0.000    0.000    0.000    0.000 _parser.py:372(_escape)
        3    0.000    0.000    0.000    0.000 inspect.py:2150(_signature_is_builtin)
        1    0.000    0.000    0.000    0.000 typing.py:1855(__new__)
        1    0.000    0.000    0.000    0.000 types.py:482(EqType)
        1    0.000    0.000    0.000    0.000 abc.py:26(ResourceReader)
        2    0.000    0.000    0.000    0.000 pathlib.py:358(__init__)
        8    0.000    0.000    0.000    0.000 codegen.py:515(NewStructInstance)
        5    0.000    0.000    0.000    0.000 copyreg.py:98(__newobj__)
       44    0.000    0.000    0.000    0.000 topology.py:56(<lambda>)
        1    0.000    0.000    0.000    0.000 mock.py:2518(_Call)
        3    0.000    0.000    0.000    0.000 <frozen _collections_abc>:966(clear)
        3    0.000    0.000    0.000    0.000 __init__.py:174(search)
        1    0.000    0.000    0.000    0.000 types.py:708(TileSet)
        1    0.000    0.000    0.000    0.000 <frozen importlib._bootstrap_external>:982(is_package)
        3    0.000    0.000    0.000    0.000 {method 'sort' of 'numpy.ndarray' objects}
       16    0.000    0.000    0.000    0.000 _parser.py:256(match)
        4    0.000    0.000    0.000    0.000 typing.py:2319(_strip_annotations)
        1    0.000    0.000    0.000    0.000 linalg.py:153(_realType)
        1    0.000    0.000    0.000    0.000 types.py:228(BiasType)
       12    0.000    0.000    0.000    0.000 {method 'remove' of 'set' objects}
        1    0.000    0.000    0.000    0.000 <frozen os>:783(encodekey)
        9    0.000    0.000    0.000    0.000 _parser.py:293(tell)
        1    0.000    0.000    0.000    0.000 types.py:110(DataType)
        1    0.000    0.000    0.000    0.000 <string>:1(<module>)
        1    0.000    0.000    0.000    0.000 mock.py:1292(_patch)
        4    0.000    0.000    0.000    0.000 _compiler.py:403(_simple)
        1    0.000    0.000    0.000    0.000 _methods.py:90(_clip)
        1    0.000    0.000    0.000    0.000 types.py:259(ConeType)
       12    0.000    0.000    0.000    0.000 {built-in method builtins.vars}
        1    0.000    0.000    0.000    0.000 typing.py:1874(__init__)
       22    0.000    0.000    0.000    0.000 fromnumeric.py:1877(_nonzero_dispatcher)
        1    0.000    0.000    0.000    0.000 collision_gjk.py:49(GJKResult)
        1    0.000    0.000    0.000    0.000 types.py:30(BlockDim)
        1    0.000    0.000    0.000    0.000 types.py:161(EnableBit)
        1    0.000    0.000    0.000    0.000 types.py:62(BroadphaseType)
        1    0.000    0.000    0.000    0.000 pathlib.py:551(drive)
       11    0.000    0.000    0.000    0.000 _parser.py:176(append)
        4    0.000    0.000    0.000    0.000 typing.py:1088(<genexpr>)
        3    0.000    0.000    0.000    0.000 weakref.py:495(popitem)
       12    0.000    0.000    0.000    0.000 dataclasses.py:372(__init__)
        1    0.000    0.000    0.000    0.000 types.py:313(SolverType)
        1    0.000    0.000    0.000    0.000 main.py:57(TestProgram)
        1    0.000    0.000    0.000    0.000 contextlib.py:36(ContextManager)
        4    0.000    0.000    0.000    0.000 register.py:46(register_path_cls)
        1    0.000    0.000    0.000    0.000 types.py:271(IntegratorType)
        3    0.000    0.000    0.000    0.000 <frozen ntpath>:275(dirname)
        1    0.000    0.000    0.000    0.000 numeric.py:341(full_like)
        2    0.000    0.000    0.000    0.000 builtins.py:1767(transform_identity_value_func)
        1    0.000    0.000    0.000    0.000 case.py:1365(FunctionTestCase)
        1    0.000    0.000    0.000    0.000 loader.py:74(__init__)
        1    0.000    0.000    0.000    0.000 _common.py:19(package_to_anchor)
       19    0.000    0.000    0.000    0.000 multiarray.py:1080(copyto)
        1    0.000    0.000    0.000    0.000 threading.py:124(RLock)
        1    0.000    0.000    0.000    0.000 loader.py:22(_FailedTest)
        1    0.000    0.000    0.000    0.000 env_utils.py:1(<module>)
        3    0.000    0.000    0.000    0.000 {method 'search' of 're.Pattern' objects}
        4    0.000    0.000    0.000    0.000 enum.py:467(<genexpr>)
       11    0.000    0.000    0.000    0.000 fromnumeric.py:419(_repeat_dispatcher)
        7    0.000    0.000    0.000    0.000 context.py:1902(__init__)
        1    0.000    0.000    0.000    0.000 collision_sdf.py:38(OptimizationParams)
        1    0.000    0.000    0.000    0.000 <frozen _collections_abc>:804(get)
        1    0.000    0.000    0.000    0.000 histograms.py:283(_ravel_and_check_weights)
        3    0.000    0.000    0.000    0.000 <string>:2(__init__)
        1    0.000    0.000    0.000    0.000 types.py:1109(transformation)
        1    0.000    0.000    0.000    0.000 case.py:45(_Outcome)
        1    0.000    0.000    0.000    0.000 test_util.py:324(BenchmarkSuite)
        1    0.000    0.000    0.000    0.000 {method 'tolist' of 'memoryview' objects}
        3    0.000    0.000    0.000    0.000 inspect.py:2271(parse_name)
        2    0.000    0.000    0.000    0.000 typing.py:521(__getitem__)
       14    0.000    0.000    0.000    0.000 mock.py:2004(<genexpr>)
        1    0.000    0.000    0.000    0.000 mock.py:2569(__init__)
        1    0.000    0.000    0.000    0.000 __init__.py:139(_MjBindModel)
        1    0.000    0.000    0.000    0.000 __init__.py:80(__getattr__)
        1    0.000    0.000    0.000    0.000 suite.py:92(TestSuite)
        3    0.000    0.000    0.000    0.000 {built-in method _sre.unicode_tolower}
        2    0.000    0.000    0.000    0.000 pathlib.py:447(__fspath__)
        4    0.000    0.000    0.000    0.000 _compiler.py:575(isstring)
        1    0.000    0.000    0.000    0.000 inspect.py:2812(replace)
        1    0.000    0.000    0.000    0.000 types.py:76(BroadphaseFilter)
        1    0.000    0.000    0.000    0.000 _parser.py:449(_uniq)
        1    0.000    0.000    0.000    0.000 __init__.py:102(CFunctionType)
        1    0.000    0.000    0.000    0.000 suite.py:16(BaseTestSuite)
        1    0.000    0.000    0.000    0.000 <frozen importlib._bootstrap_external>:1728(_get_supported_file_loaders)
        1    0.000    0.000    0.000    0.000 reprlib.py:12(decorating_function)
        8    0.000    0.000    0.000    0.000 __init__.py:429(<genexpr>)
        8    0.000    0.000    0.000    0.000 fromnumeric.py:2317(_any_dispatcher)
       16    0.000    0.000    0.000    0.000 fromnumeric.py:2687(_max_dispatcher)
       14    0.000    0.000    0.000    0.000 fromnumeric.py:2831(_min_dispatcher)
       15    0.000    0.000    0.000    0.000 stride_tricks.py:363(_broadcast_to_dispatcher)
       12    0.000    0.000    0.000    0.000 arraysetops.py:761(_isin_dispatcher)
        3    0.000    0.000    0.000    0.000 typing_extensions.py:3351(_check_generic)
        1    0.000    0.000    0.000    0.000 warp_util.py:197(conditional_graph_supported)
        1    0.000    0.000    0.000    0.000 register.py:68(register_path_cls_decorator)
        1    0.000    0.000    0.000    0.000 abc.py:173(TraversableResources)
        4    0.000    0.000    0.000    0.000 typing.py:407(_eval_type)
        6    0.000    0.000    0.000    0.000 typing.py:1569(<genexpr>)
        9    0.000    0.000    0.000    0.000 fromnumeric.py:2172(_sum_dispatcher)
       11    0.000    0.000    0.000    0.000 fromnumeric.py:3265(_round_dispatcher)
        1    0.000    0.000    0.000    0.000 pathlib.py:711(joinpath)
        2    0.000    0.000    0.000    0.000 typing.py:361(_flatten_literal_params)
        2    0.000    0.000    0.000    0.000 _methods.py:61(_all)
       11    0.000    0.000    0.000    0.000 arraypad.py:525(_pad_dispatcher)
        1    0.000    0.000    0.000    0.000 context.py:6914(assert_conditional_graph_support)
        1    0.000    0.000    0.000    0.000 resource_utils.py:34(ResourcePath)
        2    0.000    0.000    0.000    0.000 pathlib.py:1164(__new__)
        1    0.000    0.000    0.000    0.000 _compiler.py:441(_get_literal_prefix)
        1    0.000    0.000    0.000    0.000 inspect.py:3279(bind_partial)
        1    0.000    0.000    0.000    0.000 linalg.py:135(_makearray)
        1    0.000    0.000    0.000    0.000 warp_util.py:28(EventTracer)
        5    0.000    0.000    0.000    0.000 {built-in method _sre.unicode_iscased}
        7    0.000    0.000    0.000    0.000 {method 'removeprefix' of 'str' objects}
        6    0.000    0.000    0.000    0.000 <frozen _collections_abc>:341(__subclasshook__)
        1    0.000    0.000    0.000    0.000 pathlib.py:380(with_segments)
        1    0.000    0.000    0.000    0.000 types.py:3540(array1d)
        1    0.000    0.000    0.000    0.000 inspect.py:2290(RewriteSymbolics)
        2    0.000    0.000    0.000    0.000 typing.py:1097(<genexpr>)
        1    0.000    0.000    0.000    0.000 linalg.py:130(get_linalg_error_extobj)
        1    0.000    0.000    0.000    0.000 linalg.py:203(_assert_stacked_2d)
        1    0.000    0.000    0.000    0.000 {method 'copy' of 'numpy.ndarray' objects}
        9    0.000    0.000    0.000    0.000 {built-in method numpy.asanyarray}
        4    0.000    0.000    0.000    0.000 _parser.py:83(groups)
        2    0.000    0.000    0.000    0.000 __editable___mujoco_warp_0_0_1_finder.py:61(find_spec)
        1    0.000    0.000    0.000    0.000 inspect.py:3097(replace)
        2    0.000    0.000    0.000    0.000 typing.py:2004(<genexpr>)
        1    0.000    0.000    0.000    0.000 shape_base.py:362(_stack_dispatcher)
        1    0.000    0.000    0.000    0.000 fromnumeric.py:2100(clip)
       13    0.000    0.000    0.000    0.000 arraysetops.py:519(_in1d_dispatcher)
        7    0.000    0.000    0.000    0.000 context.py:3301(__str__)
        1    0.000    0.000    0.000    0.000 mock.py:300(_Sentinel)
        1    0.000    0.000    0.000    0.000 contextlib.py:83(ExitStack)
        2    0.000    0.000    0.000    0.000 enum.py:1182(_generate_next_value_)
        7    0.000    0.000    0.000    0.000 _parser.py:113(__init__)
        1    0.000    0.000    0.000    0.000 runner.py:14(_WritelnDecorator)
        1    0.000    0.000    0.000    0.000 text_utils.py:37(_Line)
        3    0.000    0.000    0.000    0.000 {method 'popitem' of 'dict' objects}
        3    0.000    0.000    0.000    0.000 <frozen ntpath>:35(_get_bothseps)
        1    0.000    0.000    0.000    0.000 mock.py:2537(__new__)
        1    0.000    0.000    0.000    0.000 __editable___isaaclab_assets_0_2_2_finder.py:15(find_spec)
        4    0.000    0.000    0.000    0.000 typing.py:1481(<genexpr>)
        9    0.000    0.000    0.000    0.000 numeric.py:63(_zeros_like_dispatcher)
        1    0.000    0.000    0.000    0.000 linalg.py:209(_assert_stacked_square)
        1    0.000    0.000    0.000    0.000 function_base.py:873(copy)
        1    0.000    0.000    0.000    0.000 dataclasses.py:349(__set_name__)
       11    0.000    0.000    0.000    0.000 dataclasses.py:879(_hash_set_none)
        1    0.000    0.000    0.000    0.000 collision_sdf.py:46(AABB)
        1    0.000    0.000    0.000    0.000 case.py:1423(_SubTest)
        1    0.000    0.000    0.000    0.000 runner.py:164(TextTestRunner)
        1    0.000    0.000    0.000    0.000 mock.py:1810(_patch_dict)
        1    0.000    0.000    0.000    0.000 mock.py:1115(CallableMixin)
        1    0.000    0.000    0.000    0.000 __init__.py:20(GLContext)
        8    0.000    0.000    0.000    0.000 <frozen importlib._bootstrap_external>:1280(__init__)
        1    0.000    0.000    0.000    0.000 {method 'argsort' of 'numpy.ndarray' objects}
        3    0.000    0.000    0.000    0.000 {built-in method numpy.core._multiarray_umath.normalize_axis_index}
        2    0.000    0.000    0.000    0.000 _parser.py:953(fix_flags)
        1    0.000    0.000    0.000    0.000 pathlib.py:852(exists)
        4    0.000    0.000    0.000    0.000 _parser.py:172(__setitem__)
       11    0.000    0.000    0.000    0.000 multiarray.py:85(empty_like)
        5    0.000    0.000    0.000    0.000 codegen.py:157(<genexpr>)
        1    0.000    0.000    0.000    0.000 pprint.py:80(_safe_key)
        1    0.000    0.000    0.000    0.000 difflib.py:724(Differ)
        1    0.000    0.000    0.000    0.000 mock.py:2183(MagicMock)
        1    0.000    0.000    0.000    0.000 collision_gjk.py:90(SupportPoint)
        1    0.000    0.000    0.000    0.000 suite.py:328(_ErrorHolder)
        1    0.000    0.000    0.000    0.000 {method 'cast' of 'memoryview' objects}
        2    0.000    0.000    0.000    0.000 typing.py:1629(_value_and_type_iter)
        4    0.000    0.000    0.000    0.000 typing.py:1630(<genexpr>)
        1    0.000    0.000    0.000    0.000 mock.py:288(_SentinelObject)
        1    0.000    0.000    0.000    0.000 __init__.py:150(_MjBindData)
        4    0.000    0.000    0.000    0.000 {method 'is_dir' of 'nt.DirEntry' objects}
        1    0.000    0.000    0.000    0.000 {method 'translate' of 'bytearray' objects}
        2    0.000    0.000    0.000    0.000 _parser.py:77(__init__)
        3    0.000    0.000    0.000    0.000 inspect.py:524(isbuiltin)
        4    0.000    0.000    0.000    0.000 multiarray.py:346(where)
        2    0.000    0.000    0.000    0.000 arraysetops.py:125(_unpack_tuple)
        1    0.000    0.000    0.000    0.000 solver_mujoco.py:1415(_data_is_mjwarp)
        1    0.000    0.000    0.000    0.000 mock.py:2484(_ANY)
        1    0.000    0.000    0.000    0.000 mock.py:2997(PropertyMock)
        3    0.000    0.000    0.000    0.000 mock.py:290(__init__)
       15    0.000    0.000    0.000    0.000 abstract_path.py:36(abstractmethod)
        1    0.000    0.000    0.000    0.000 types.py:621(Statistic)
        7    0.000    0.000    0.000    0.000 {built-in method builtins.ord}
        1    0.000    0.000    0.000    0.000 <frozen importlib.machinery>:18(all_suffixes)
        5    0.000    0.000    0.000    0.000 multiarray.py:153(concatenate)
        1    0.000    0.000    0.000    0.000 solver.py:165(__init__)
        1    0.000    0.000    0.000    0.000 <string>:1(__create_fn__)
        1    0.000    0.000    0.000    0.000 case.py:283(_AssertWarnsContext)
        1    0.000    0.000    0.000    0.000 signals.py:9(_InterruptHandler)
        1    0.000    0.000    0.000    0.000 mock.py:3039(_AsyncIterator)
        1    0.000    0.000    0.000    0.000 {method 'rsplit' of 'str' objects}
        1    0.000    0.000    0.000    0.000 <frozen os>:777(check_str)
        1    0.000    0.000    0.000    0.000 __editable___isaaclab_rl_0_2_3_finder.py:15(find_spec)
        1    0.000    0.000    0.000    0.000 pathlib.py:719(__truediv__)
        1    0.000    0.000    0.000    0.000 functools.py:968(__init__)
        1    0.000    0.000    0.000    0.000 pathlib.py:429(_format_parsed_parts)
        2    0.000    0.000    0.000    0.000 _compiler.py:433(_get_iscased)
        1    0.000    0.000    0.000    0.000 reprlib.py:9(recursive_repr)
        7    0.000    0.000    0.000    0.000 __init__.py:110(<lambda>)
        1    0.000    0.000    0.000    0.000 typing.py:993(_is_typevar_like)
        4    0.000    0.000    0.000    0.000 typing.py:781(<genexpr>)
        1    0.000    0.000    0.000    0.000 _methods.py:47(_sum)
        2    0.000    0.000    0.000    0.000 platform.py:891(uname)
        2    0.000    0.000    0.000    0.000 linalg.py:140(isComplexType)
        1    0.000    0.000    0.000    0.000 collision_primitive.py:50(mat43f)
        1    0.000    0.000    0.000    0.000 gpath.py:291(PosixGPath)
        1    0.000    0.000    0.000    0.000 {method 'pop' of 'collections.OrderedDict' objects}
        2    0.000    0.000    0.000    0.000 {built-in method sys._getframemodulename}
        1    0.000    0.000    0.000    0.000 __editable___isaaclab_tasks_0_10_41_finder.py:15(find_spec)
        1    0.000    0.000    0.000    0.000 types.py:2009(is_float)
        2    0.000    0.000    0.000    0.000 fromnumeric.py:3176(ndim)
        2    0.000    0.000    0.000    0.000 function_base.py:1320(_diff_dispatcher)
        1    0.000    0.000    0.000    0.000 suite.py:375(_DebugResult)
        1    0.000    0.000    0.000    0.000 mock.py:302(__init__)
        1    0.000    0.000    0.000    0.000 mock.py:2136(MagicMixin)
        1    0.000    0.000    0.000    0.000 mock.py:2216(MagicProxy)
        1    0.000    0.000    0.000    0.000 mock.py:2884(_SpecState)
        1    0.000    0.000    0.000    0.000 mock.py:41(InvalidSpecError)
        1    0.000    0.000    0.000    0.000 <frozen _collections_abc>:511(_is_param_expr)
        1    0.000    0.000    0.000    0.000 pathlib.py:835(stat)
        2    0.000    0.000    0.000    0.000 enum.py:183(__init__)
        1    0.000    0.000    0.000    0.000 functools.py:864(<lambda>)
        1    0.000    0.000    0.000    0.000 types.py:2005(is_int)
        1    0.000    0.000    0.000    0.000 shape_base.py:207(_arrays_for_stack_dispatcher)
        1    0.000    0.000    0.000    0.000 case.py:202(_AssertRaisesBaseContext)
        1    0.000    0.000    0.000    0.000 case.py:193(_BaseTestCaseContext)
        1    0.000    0.000    0.000    0.000 mock.py:348(_CallList)
        1    0.000    0.000    0.000    0.000 mock.py:1084(_AnyComparer)
        1    0.000    0.000    0.000    0.000 gpath.py:298(WindowsGPath)
        1    0.000    0.000    0.000    0.000 text_utils.py:306(_Repr)
        1    0.000    0.000    0.000    0.000 collision_primitive_core.py:101(mat83f)
        1    0.000    0.000    0.000    0.000 {built-in method _imp.extension_suffixes}
        2    0.000    0.000    0.000    0.000 fromnumeric.py:2508(_cumsum_dispatcher)
        2    0.000    0.000    0.000    0.000 fromnumeric.py:3172(_ndim_dispatcher)
        2    0.000    0.000    0.000    0.000 arraysetops.py:133(_unique_dispatcher)
        1    0.000    0.000    0.000    0.000 dataclasses.py:604(<genexpr>)
        1    0.000    0.000    0.000    0.000 types.py:517(vec5f)
        1    0.000    0.000    0.000    0.000 types.py:521(vec6f)
        1    0.000    0.000    0.000    0.000 case.py:26(SkipTest)
        1    0.000    0.000    0.000    0.000 mock.py:395(_MockIter)
        1    0.000    0.000    0.000    0.000 mock.py:401(Base)
        1    0.000    0.000    0.000    0.000 mock.py:2167(NonCallableMagicMock)
        1    0.000    0.000    0.000    0.000 mock.py:2441(AsyncMock)
        1    0.000    0.000    0.000    0.000 collision_primitive_core.py:89(vec8f)
        1    0.000    0.000    0.000    0.000 collision_primitive_core.py:93(mat23f)
        1    0.000    0.000    0.000    0.000 {method 'values' of 'collections.OrderedDict' objects}
        1    0.000    0.000    0.000    0.000 {method '__array_prepare__' of 'numpy.ndarray' objects}
        1    0.000    0.000    0.000    0.000 functools.py:973(__set_name__)
        6    0.000    0.000    0.000    0.000 types.py:510(<lambda>)
        2    0.000    0.000    0.000    0.000 types.py:3091(requires_grad)
        1    0.000    0.000    0.000    0.000 multiarray.py:892(bincount)
        1    0.000    0.000    0.000    0.000 numeric.py:337(_full_like_dispatcher)
        1    0.000    0.000    0.000    0.000 fromnumeric.py:2096(_clip_dispatcher)
        1    0.000    0.000    0.000    0.000 linalg.py:488(_unary_dispatcher)
        1    0.000    0.000    0.000    0.000 function_base.py:869(_copy_dispatcher)
        1    0.000    0.000    0.000    0.000 histograms.py:673(_histogram_dispatcher)
        1    0.000    0.000    0.000    0.000 types.py:525(vec8f)
        1    0.000    0.000    0.000    0.000 types.py:529(vec8i)
        1    0.000    0.000    0.000    0.000 types.py:533(vec10f)
        1    0.000    0.000    0.000    0.000 case.py:335(_OrderedChainMap)
        1    0.000    0.000    0.000    0.000 case.py:34(_ShouldStop)
        1    0.000    0.000    0.000    0.000 mock.py:2179(AsyncMagicMixin)
        1    0.000    0.000    0.000    0.000 abc.py:68(TraversalError)
        1    0.000    0.000    0.000    0.000 collision_primitive_core.py:97(mat43f)
        1    0.000    0.000    0.000    0.000 {method '__exit__' of 'nt.ScandirIterator' objects}
        1    0.000    0.000    0.000    0.000 {built-in method sys.audit}
        1    0.000    0.000    0.000    0.000 pathlib.py:560(root)
        1    0.000    0.000    0.000    0.000 numeric.py:199(_ones_like_dispatcher)
        1    0.000    0.000    0.000    0.000 fromnumeric.py:861(_sort_dispatcher)
        1    0.000    0.000    0.000    0.000 arraysetops.py:935(_setdiff1d_dispatcher)
        1    0.000    0.000    0.000    0.000 builtins.py:1793(<lambda>)
        1    0.000    0.000    0.000    0.000 types.py:537(vec11f)
        1    0.000    0.000    0.000    0.000 case.py:39(_UnexpectedSuccess)
        1    0.000    0.000    0.000    0.000 mock.py:1222(Mock)
        1    0.000    0.000    0.000    0.000 pathlib.py:569(_tail)


create SolverMuJoCo took 4602.61 ms
